c:\users\neonm\desktop\amonghook\framework\release\vc142.pdb
c:\users\neonm\desktop\amonghook\framework\release\menu.obj
c:\users\neonm\desktop\amonghook\framework\release\memory.obj
c:\users\neonm\desktop\amonghook\framework\release\main.obj
c:\users\neonm\desktop\amonghook\framework\release\kiero.obj
c:\users\neonm\desktop\amonghook\framework\release\imgui_widgets.obj
c:\users\neonm\desktop\amonghook\framework\release\imgui_impl_win32.obj
c:\users\neonm\desktop\amonghook\framework\release\imgui_impl_dx11.obj
c:\users\neonm\desktop\amonghook\framework\release\imgui_draw.obj
c:\users\neonm\desktop\amonghook\framework\release\imgui_demo.obj
c:\users\neonm\desktop\amonghook\framework\release\imgui.obj
c:\users\neonm\desktop\amonghook\framework\release\globals.obj
c:\users\neonm\desktop\amonghook\framework\release\cheat.obj
c:\users\neonm\desktop\amonghook\framework\release\trampoline.obj
c:\users\neonm\desktop\amonghook\framework\release\hook.obj
c:\users\neonm\desktop\amonghook\framework\release\hde64.obj
c:\users\neonm\desktop\amonghook\framework\release\hde32.obj
c:\users\neonm\desktop\amonghook\framework\release\buffer.obj
c:\users\neonm\desktop\amonghook\release\cheat.ipdb
c:\users\neonm\desktop\amonghook\release\cheat.iobj
c:\users\neonm\desktop\amonghook\release\cheat.dll
c:\users\neonm\desktop\amonghook\release\cheat.pdb
c:\users\neonm\desktop\amonghook\framework\release\minhook.res
c:\users\neonm\desktop\amonghook\framework\release\framework.tlog\cl.command.1.tlog
c:\users\neonm\desktop\amonghook\framework\release\framework.tlog\cl.read.1.tlog
c:\users\neonm\desktop\amonghook\framework\release\framework.tlog\cl.write.1.tlog
c:\users\neonm\desktop\amonghook\framework\release\framework.tlog\framework.write.1u.tlog
c:\users\neonm\desktop\amonghook\framework\release\framework.tlog\link.command.1.tlog
c:\users\neonm\desktop\amonghook\framework\release\framework.tlog\link.read.1.tlog
c:\users\neonm\desktop\amonghook\framework\release\framework.tlog\link.write.1.tlog
c:\users\neonm\desktop\amonghook\framework\release\framework.tlog\rc.command.1.tlog
c:\users\neonm\desktop\amonghook\framework\release\framework.tlog\rc.read.1.tlog
c:\users\neonm\desktop\amonghook\framework\release\framework.tlog\rc.write.1.tlog
